[07-Nov-2021 03:36:02 UTC] PHP Warning:  require_once(D:\Xampp\htdocs\datagroup\wp-content\themes\thunder/inc/acf.php): Failed to open stream: No such file or directory in D:\Xampp\htdocs\datagroup\wp-content\themes\thunder\functions.php on line 16
[07-Nov-2021 03:36:02 UTC] PHP Fatal error:  Uncaught Error: Failed opening required 'D:\Xampp\htdocs\datagroup\wp-content\themes\thunder/inc/acf.php' (include_path='D:\Xampp\php\PEAR') in D:\Xampp\htdocs\datagroup\wp-content\themes\thunder\functions.php:16
Stack trace:
#0 D:\Xampp\htdocs\datagroup\wp-settings.php(546): include()
#1 D:\Xampp\htdocs\datagroup\wp-config.php(98): require_once('D:\\Xampp\\htdocs...')
#2 D:\Xampp\htdocs\datagroup\wp-load.php(50): require_once('D:\\Xampp\\htdocs...')
#3 D:\Xampp\htdocs\datagroup\wp-admin\admin-ajax.php(22): require_once('D:\\Xampp\\htdocs...')
#4 {main}
  thrown in D:\Xampp\htdocs\datagroup\wp-content\themes\thunder\functions.php on line 16
[07-Nov-2021 03:36:02 UTC] PHP Warning:  Trying to access array offset on value of type bool in D:\Xampp\htdocs\datagroup\wp-includes\class-wp-recovery-mode-email-service.php on line 351
[07-Nov-2021 03:36:02 UTC] PHP Warning:  Trying to access array offset on value of type bool in D:\Xampp\htdocs\datagroup\wp-includes\class-wp-recovery-mode-email-service.php on line 352
[07-Nov-2021 09:11:19 UTC] PHP Warning:  An unexpected error occurred. Something may be wrong with WordPress.org or this server&#8217;s configuration. If you continue to have problems, please try the <a href="https://wordpress.org/support/forums/">support forums</a>. (WordPress could not establish a secure connection to WordPress.org. Please contact your server administrator.) in D:\Xampp\htdocs\datagroup\wp-includes\update.php on line 175
[07-Nov-2021 09:11:21 UTC] PHP Warning:  An unexpected error occurred. Something may be wrong with WordPress.org or this server&#8217;s configuration. If you continue to have problems, please try the <a href="https://wordpress.org/support/forums/">support forums</a>. (WordPress could not establish a secure connection to WordPress.org. Please contact your server administrator.) in D:\Xampp\htdocs\datagroup\wp-includes\update.php on line 413
[07-Nov-2021 09:13:44 UTC] PHP Warning:  An unexpected error occurred. Something may be wrong with WordPress.org or this server&#8217;s configuration. If you continue to have problems, please try the <a href="https://wordpress.org/support/forums/">support forums</a>. (WordPress could not establish a secure connection to WordPress.org. Please contact your server administrator.) in D:\Xampp\htdocs\datagroup\wp-includes\update.php on line 175
[07-Nov-2021 09:27:19 UTC] PHP Warning:  An unexpected error occurred. Something may be wrong with WordPress.org or this server&#8217;s configuration. If you continue to have problems, please try the <a href="https://wordpress.org/support/forums/">support forums</a>. (WordPress could not establish a secure connection to WordPress.org. Please contact your server administrator.) in D:\Xampp\htdocs\datagroup\wp-includes\update.php on line 693
[08-Nov-2021 15:57:30 UTC] PHP Fatal error:  Uncaught TypeError: Cannot access offset of type string on string in D:\Xampp\htdocs\datagroup\wp-content\themes\thunder\partials\flexible-content\components\heading.php:3
Stack trace:
#0 D:\Xampp\htdocs\datagroup\wp-includes\template.php(772): require()
#1 D:\Xampp\htdocs\datagroup\wp-includes\template.php(716): load_template('D:\\Xampp\\htdocs...', false, Array)
#2 D:\Xampp\htdocs\datagroup\wp-includes\general-template.php(204): locate_template(Array, true, false, Array)
#3 D:\Xampp\htdocs\datagroup\wp-content\themes\thunder\partials\flexible-content\blocks\heading_content.php(10): get_template_part('partials/flexib...')
#4 D:\Xampp\htdocs\datagroup\wp-content\plugins\acf-extended-pro\includes\core\helpers.php(267): include('D:\\Xampp\\htdocs...')
#5 D:\Xampp\htdocs\datagroup\wp-content\plugins\acf-extended-pro\includes\core\helpers.php(62): acfe_flexible_render_layout_template(Array, Array)
#6 D:\Xampp\htdocs\datagroup\wp-content\plugins\acf-extended-pro\includes\core\helpers.php(80): get_flexible('flexible_conten...', '')
#7 D:\Xampp\htdocs\datagroup\wp-content\themes\thunder\partials\content-loop.php(20): the_flexible('flexible_conten...', '')
#8 D:\Xampp\htdocs\datagroup\wp-includes\template.php(772): require('D:\\Xampp\\htdocs...')
#9 D:\Xampp\htdocs\datagroup\wp-includes\template.php(716): load_template('D:\\Xampp\\htdocs...', false, Array)
#10 D:\Xampp\htdocs\datagroup\wp-includes\general-template.php(204): locate_template(Array, true, false, Array)
#11 D:\Xampp\htdocs\datagroup\wp-content\themes\thunder\page.php(3): get_template_part('partials/conten...', 'loop')
#12 D:\Xampp\htdocs\datagroup\wp-includes\template-loader.php(106): include('D:\\Xampp\\htdocs...')
#13 D:\Xampp\htdocs\datagroup\wp-blog-header.php(19): require_once('D:\\Xampp\\htdocs...')
#14 D:\Xampp\htdocs\datagroup\index.php(17): require('D:\\Xampp\\htdocs...')
#15 {main}
  thrown in D:\Xampp\htdocs\datagroup\wp-content\themes\thunder\partials\flexible-content\components\heading.php on line 3
[08-Nov-2021 15:58:04 UTC] PHP Warning:  Undefined variable $overlay_value in D:\Xampp\htdocs\datagroup\wp-content\themes\thunder\partials\flexible-content\components\heading.php on line 24
[08-Nov-2021 16:25:11 UTC] PHP Warning:  Undefined array key 0 in D:\Xampp\htdocs\datagroup\wp-content\themes\thunder\partials\flexible-content\components\heading.php on line 6
[08-Nov-2021 16:25:11 UTC] PHP Warning:  Undefined array key 0 in D:\Xampp\htdocs\datagroup\wp-content\themes\thunder\partials\flexible-content\components\heading.php on line 7
[08-Nov-2021 16:34:21 UTC] PHP Warning:  Undefined variable $center_class in D:\Xampp\htdocs\datagroup\wp-content\themes\thunder\partials\flexible-content\components\heading.php on line 33
[08-Nov-2021 16:34:21 UTC] PHP Warning:  Undefined variable $uppercase_class in D:\Xampp\htdocs\datagroup\wp-content\themes\thunder\partials\flexible-content\components\heading.php on line 40
[08-Nov-2021 16:34:28 UTC] PHP Warning:  Undefined variable $uppercase_class in D:\Xampp\htdocs\datagroup\wp-content\themes\thunder\partials\flexible-content\components\heading.php on line 40
[08-Nov-2021 16:34:52 UTC] PHP Warning:  Undefined variable $uppercase_class in D:\Xampp\htdocs\datagroup\wp-content\themes\thunder\partials\flexible-content\components\heading.php on line 40
[08-Nov-2021 16:35:17 UTC] PHP Warning:  Undefined variable $uppercase_class in D:\Xampp\htdocs\datagroup\wp-content\themes\thunder\partials\flexible-content\components\heading.php on line 40
[08-Nov-2021 16:36:40 UTC] PHP Warning:  Undefined variable $uppercase_class in D:\Xampp\htdocs\datagroup\wp-content\themes\thunder\partials\flexible-content\components\heading.php on line 40
[09-Nov-2021 03:04:30 UTC] PHP Fatal error:  Cannot redeclare wpt_flexible_content_get_setting_fields() (previously declared in D:\Xampp\htdocs\datagroup\wp-content\themes\thunder\inc\acf.php:62) in D:\Xampp\htdocs\datagroup\wp-content\themes\thunder\inc\acf.php on line 89
[09-Nov-2021 03:04:30 UTC] PHP Warning:  Trying to access array offset on value of type bool in D:\Xampp\htdocs\datagroup\wp-includes\class-wp-recovery-mode-email-service.php on line 351
[09-Nov-2021 03:04:30 UTC] PHP Warning:  Trying to access array offset on value of type bool in D:\Xampp\htdocs\datagroup\wp-includes\class-wp-recovery-mode-email-service.php on line 352
[09-Nov-2021 05:56:40 UTC] PHP Warning:  Array to string conversion in D:\Xampp\htdocs\datagroup\wp-includes\formatting.php on line 1098
[09-Nov-2021 05:56:40 UTC] PHP Warning:  Trying to access array offset on value of type bool in D:\Xampp\htdocs\datagroup\wp-content\themes\thunder\partials\flexible-content\components\hero_full_image.php on line 47
[09-Nov-2021 06:10:25 UTC] PHP Warning:  Trying to access array offset on value of type bool in D:\Xampp\htdocs\datagroup\wp-content\plugins\acf-extended-pro\includes\core\helpers.php on line 56
[09-Nov-2021 06:10:25 UTC] PHP Warning:  Trying to access array offset on value of type bool in D:\Xampp\htdocs\datagroup\wp-content\plugins\acf-extended-pro\includes\core\helpers.php on line 324
[09-Nov-2021 06:10:25 UTC] PHP Warning:  Trying to access array offset on value of type bool in D:\Xampp\htdocs\datagroup\wp-content\plugins\acf-extended-pro\includes\core\helpers.php on line 225
[09-Nov-2021 06:10:25 UTC] PHP Warning:  Trying to access array offset on value of type bool in D:\Xampp\htdocs\datagroup\wp-content\themes\thunder\inc\acf.php on line 40
[09-Nov-2021 06:10:25 UTC] PHP Warning:  Array to string conversion in D:\Xampp\htdocs\datagroup\wp-includes\formatting.php on line 1098
[09-Nov-2021 06:10:25 UTC] PHP Warning:  Trying to access array offset on value of type bool in D:\Xampp\htdocs\datagroup\wp-content\themes\thunder\partials\flexible-content\components\hero_full_image.php on line 47
[09-Nov-2021 06:11:49 UTC] PHP Warning:  Array to string conversion in D:\Xampp\htdocs\datagroup\wp-includes\formatting.php on line 1098
[09-Nov-2021 06:11:49 UTC] PHP Warning:  Trying to access array offset on value of type bool in D:\Xampp\htdocs\datagroup\wp-content\themes\thunder\partials\flexible-content\components\hero_full_image.php on line 47
[09-Nov-2021 06:11:55 UTC] PHP Warning:  Array to string conversion in D:\Xampp\htdocs\datagroup\wp-includes\formatting.php on line 1098
[09-Nov-2021 06:11:55 UTC] PHP Warning:  Trying to access array offset on value of type bool in D:\Xampp\htdocs\datagroup\wp-content\themes\thunder\partials\flexible-content\components\hero_full_image.php on line 47
[09-Nov-2021 06:13:13 UTC] PHP Warning:  Array to string conversion in D:\Xampp\htdocs\datagroup\wp-includes\formatting.php on line 1098
[09-Nov-2021 06:13:13 UTC] PHP Warning:  Trying to access array offset on value of type bool in D:\Xampp\htdocs\datagroup\wp-content\themes\thunder\partials\flexible-content\components\hero_full_image.php on line 47
[09-Nov-2021 06:13:37 UTC] PHP Warning:  Array to string conversion in D:\Xampp\htdocs\datagroup\wp-includes\formatting.php on line 1098
[09-Nov-2021 06:13:37 UTC] PHP Warning:  Trying to access array offset on value of type bool in D:\Xampp\htdocs\datagroup\wp-content\themes\thunder\partials\flexible-content\components\hero_full_image.php on line 47
[09-Nov-2021 06:15:14 UTC] PHP Warning:  Array to string conversion in D:\Xampp\htdocs\datagroup\wp-includes\formatting.php on line 1098
[09-Nov-2021 06:15:14 UTC] PHP Warning:  Trying to access array offset on value of type bool in D:\Xampp\htdocs\datagroup\wp-content\themes\thunder\partials\flexible-content\components\hero_full_image.php on line 47
[09-Nov-2021 06:15:40 UTC] PHP Warning:  Array to string conversion in D:\Xampp\htdocs\datagroup\wp-includes\formatting.php on line 1098
[09-Nov-2021 06:15:40 UTC] PHP Warning:  Trying to access array offset on value of type bool in D:\Xampp\htdocs\datagroup\wp-content\themes\thunder\partials\flexible-content\components\hero_full_image.php on line 47
[09-Nov-2021 06:16:47 UTC] PHP Warning:  Array to string conversion in D:\Xampp\htdocs\datagroup\wp-includes\formatting.php on line 1098
[09-Nov-2021 06:16:47 UTC] PHP Warning:  Trying to access array offset on value of type bool in D:\Xampp\htdocs\datagroup\wp-content\themes\thunder\partials\flexible-content\components\hero_full_image.php on line 47
[09-Nov-2021 06:16:49 UTC] PHP Warning:  Array to string conversion in D:\Xampp\htdocs\datagroup\wp-includes\formatting.php on line 1098
[09-Nov-2021 06:16:49 UTC] PHP Warning:  Trying to access array offset on value of type bool in D:\Xampp\htdocs\datagroup\wp-content\themes\thunder\partials\flexible-content\components\hero_full_image.php on line 47
[09-Nov-2021 11:22:07 UTC] PHP Warning:  An unexpected error occurred. Something may be wrong with WordPress.org or this server&#8217;s configuration. If you continue to have problems, please try the <a href="https://wordpress.org/support/forums/">support forums</a>. (WordPress could not establish a secure connection to WordPress.org. Please contact your server administrator.) in D:\Xampp\htdocs\datagroup\wp-admin\includes\translation-install.php on line 68
[09-Nov-2021 14:03:01 UTC] PHP Warning:  Undefined variable $style_class in D:\Xampp\htdocs\datagroup\wp-content\themes\thunder\partials\flexible-content\components\card_icon.php on line 9
[09-Nov-2021 14:03:01 UTC] PHP Warning:  Undefined variable $style_class in D:\Xampp\htdocs\datagroup\wp-content\themes\thunder\partials\flexible-content\components\card_icon.php on line 9
[09-Nov-2021 14:03:51 UTC] PHP Warning:  Undefined variable $style_class in D:\Xampp\htdocs\datagroup\wp-content\themes\thunder\partials\flexible-content\components\card_icon.php on line 9
[09-Nov-2021 14:03:51 UTC] PHP Warning:  Undefined variable $style_class in D:\Xampp\htdocs\datagroup\wp-content\themes\thunder\partials\flexible-content\components\card_icon.php on line 9
[09-Nov-2021 14:04:35 UTC] PHP Warning:  Undefined variable $style_class in D:\Xampp\htdocs\datagroup\wp-content\themes\thunder\partials\flexible-content\components\card_icon.php on line 9
[09-Nov-2021 14:04:35 UTC] PHP Warning:  Undefined variable $style_class in D:\Xampp\htdocs\datagroup\wp-content\themes\thunder\partials\flexible-content\components\card_icon.php on line 9
[09-Nov-2021 14:05:11 UTC] PHP Warning:  Undefined variable $style_class in D:\Xampp\htdocs\datagroup\wp-content\themes\thunder\partials\flexible-content\components\card_icon.php on line 9
[09-Nov-2021 14:05:11 UTC] PHP Warning:  Undefined variable $style_class in D:\Xampp\htdocs\datagroup\wp-content\themes\thunder\partials\flexible-content\components\card_icon.php on line 9
[09-Nov-2021 14:05:19 UTC] PHP Warning:  Undefined variable $style_class in D:\Xampp\htdocs\datagroup\wp-content\themes\thunder\partials\flexible-content\components\card_icon.php on line 9
[09-Nov-2021 14:05:19 UTC] PHP Warning:  Undefined variable $style_class in D:\Xampp\htdocs\datagroup\wp-content\themes\thunder\partials\flexible-content\components\card_icon.php on line 9
[09-Nov-2021 15:29:03 UTC] PHP Fatal error:  Uncaught TypeError: count(): Argument #1 ($var) must be of type Countable|array, bool given in D:\Xampp\htdocs\datagroup\wp-content\themes\thunder\partials\flexible-content\blocks\hero_cards_icon_image.php:2
Stack trace:
#0 D:\Xampp\htdocs\datagroup\wp-content\plugins\acf-extended-pro\includes\core\helpers.php(267): include()
#1 D:\Xampp\htdocs\datagroup\wp-content\plugins\acf-extended-pro\includes\core\helpers.php(62): acfe_flexible_render_layout_template(Array, Array)
#2 D:\Xampp\htdocs\datagroup\wp-content\plugins\acf-extended-pro\includes\core\helpers.php(80): get_flexible('flexible_conten...', '')
#3 D:\Xampp\htdocs\datagroup\wp-content\themes\thunder\partials\content-loop.php(20): the_flexible('flexible_conten...', '')
#4 D:\Xampp\htdocs\datagroup\wp-includes\template.php(772): require('D:\\Xampp\\htdocs...')
#5 D:\Xampp\htdocs\datagroup\wp-includes\template.php(716): load_template('D:\\Xampp\\htdocs...', false, Array)
#6 D:\Xampp\htdocs\datagroup\wp-includes\general-template.php(204): locate_template(Array, true, false, Array)
#7 D:\Xampp\htdocs\datagroup\wp-content\themes\thunder\page.php(3): get_template_part('partials/conten...', 'loop')
#8 D:\Xampp\htdocs\datagroup\wp-includes\template-loader.php(106): include('D:\\Xampp\\htdocs...')
#9 D:\Xampp\htdocs\datagroup\wp-blog-header.php(19): require_once('D:\\Xampp\\htdocs...')
#10 D:\Xampp\htdocs\datagroup\index.php(17): require('D:\\Xampp\\htdocs...')
#11 {main}
  thrown in D:\Xampp\htdocs\datagroup\wp-content\themes\thunder\partials\flexible-content\blocks\hero_cards_icon_image.php on line 2
[09-Nov-2021 17:26:14 UTC] PHP Fatal error:  Uncaught TypeError: count(): Argument #1 ($var) must be of type Countable|array, bool given in D:\Xampp\htdocs\datagroup\wp-content\themes\thunder\partials\flexible-content\blocks\cards_icon.php:3
Stack trace:
#0 D:\Xampp\htdocs\datagroup\wp-content\plugins\acf-extended-pro\includes\core\helpers.php(267): include()
#1 D:\Xampp\htdocs\datagroup\wp-content\plugins\acf-extended-pro\includes\core\helpers.php(62): acfe_flexible_render_layout_template(Array, Array)
#2 D:\Xampp\htdocs\datagroup\wp-content\plugins\acf-extended-pro\includes\core\helpers.php(80): get_flexible('flexible_conten...', '')
#3 D:\Xampp\htdocs\datagroup\wp-content\themes\thunder\partials\content-loop.php(20): the_flexible('flexible_conten...', '')
#4 D:\Xampp\htdocs\datagroup\wp-includes\template.php(772): require('D:\\Xampp\\htdocs...')
#5 D:\Xampp\htdocs\datagroup\wp-includes\template.php(716): load_template('D:\\Xampp\\htdocs...', false, Array)
#6 D:\Xampp\htdocs\datagroup\wp-includes\general-template.php(204): locate_template(Array, true, false, Array)
#7 D:\Xampp\htdocs\datagroup\wp-content\themes\thunder\page.php(3): get_template_part('partials/conten...', 'loop')
#8 D:\Xampp\htdocs\datagroup\wp-includes\template-loader.php(106): include('D:\\Xampp\\htdocs...')
#9 D:\Xampp\htdocs\datagroup\wp-blog-header.php(19): require_once('D:\\Xampp\\htdocs...')
#10 D:\Xampp\htdocs\datagroup\index.php(17): require('D:\\Xampp\\htdocs...')
#11 {main}
  thrown in D:\Xampp\htdocs\datagroup\wp-content\themes\thunder\partials\flexible-content\blocks\cards_icon.php on line 3
[09-Nov-2021 18:48:23 UTC] PHP Warning:  Undefined array key "title" in D:\Xampp\htdocs\datagroup\wp-content\themes\thunder\partials\flexible-content\blocks\hero_content.php on line 26
[09-Nov-2021 19:05:29 UTC] PHP Deprecated:  Function libxml_disable_entity_loader() is deprecated in D:\Xampp\htdocs\datagroup\wp-content\plugins\wordpress-importer\parsers\class-wxr-parser-simplexml.php on line 21
[09-Nov-2021 19:05:29 UTC] PHP Deprecated:  Function libxml_disable_entity_loader() is deprecated in D:\Xampp\htdocs\datagroup\wp-content\plugins\wordpress-importer\parsers\class-wxr-parser-simplexml.php on line 25
[09-Nov-2021 19:06:02 UTC] PHP Deprecated:  Function libxml_disable_entity_loader() is deprecated in D:\Xampp\htdocs\datagroup\wp-content\plugins\wordpress-importer\parsers\class-wxr-parser-simplexml.php on line 21
[09-Nov-2021 19:06:02 UTC] PHP Deprecated:  Function libxml_disable_entity_loader() is deprecated in D:\Xampp\htdocs\datagroup\wp-content\plugins\wordpress-importer\parsers\class-wxr-parser-simplexml.php on line 25
[09-Nov-2021 19:06:18 UTC] PHP Deprecated:  Function libxml_disable_entity_loader() is deprecated in D:\Xampp\htdocs\datagroup\wp-content\plugins\wordpress-importer\parsers\class-wxr-parser-simplexml.php on line 21
[09-Nov-2021 19:06:18 UTC] PHP Deprecated:  Function libxml_disable_entity_loader() is deprecated in D:\Xampp\htdocs\datagroup\wp-content\plugins\wordpress-importer\parsers\class-wxr-parser-simplexml.php on line 25
[09-Nov-2021 19:17:19 UTC] PHP Warning:  Array to string conversion in D:\Xampp\htdocs\datagroup\wp-content\themes\thunder\partials\flexible-content\blocks\hero_images_content.php on line 19
[09-Nov-2021 19:17:19 UTC] PHP Warning:  Undefined variable $image_ratio in D:\Xampp\htdocs\datagroup\wp-content\themes\thunder\partials\flexible-content\blocks\hero_images_content.php on line 38
[09-Nov-2021 19:17:19 UTC] PHP Warning:  Undefined array key "sizes" in D:\Xampp\htdocs\datagroup\wp-content\themes\thunder\partials\flexible-content\blocks\hero_images_content.php on line 39
[09-Nov-2021 19:17:19 UTC] PHP Warning:  Trying to access array offset on value of type null in D:\Xampp\htdocs\datagroup\wp-content\themes\thunder\partials\flexible-content\blocks\hero_images_content.php on line 39
[09-Nov-2021 19:17:19 UTC] PHP Warning:  Undefined array key "alt" in D:\Xampp\htdocs\datagroup\wp-content\themes\thunder\partials\flexible-content\blocks\hero_images_content.php on line 39
[09-Nov-2021 19:17:19 UTC] PHP Warning:  Undefined variable $image_ratio in D:\Xampp\htdocs\datagroup\wp-content\themes\thunder\partials\flexible-content\blocks\hero_images_content.php on line 38
[09-Nov-2021 19:17:19 UTC] PHP Warning:  Undefined array key "sizes" in D:\Xampp\htdocs\datagroup\wp-content\themes\thunder\partials\flexible-content\blocks\hero_images_content.php on line 39
[09-Nov-2021 19:17:19 UTC] PHP Warning:  Trying to access array offset on value of type null in D:\Xampp\htdocs\datagroup\wp-content\themes\thunder\partials\flexible-content\blocks\hero_images_content.php on line 39
[09-Nov-2021 19:17:19 UTC] PHP Warning:  Undefined array key "alt" in D:\Xampp\htdocs\datagroup\wp-content\themes\thunder\partials\flexible-content\blocks\hero_images_content.php on line 39
[09-Nov-2021 19:17:19 UTC] PHP Warning:  Undefined variable $image_ratio in D:\Xampp\htdocs\datagroup\wp-content\themes\thunder\partials\flexible-content\blocks\hero_images_content.php on line 38
[09-Nov-2021 19:17:19 UTC] PHP Warning:  Undefined array key "sizes" in D:\Xampp\htdocs\datagroup\wp-content\themes\thunder\partials\flexible-content\blocks\hero_images_content.php on line 39
[09-Nov-2021 19:17:19 UTC] PHP Warning:  Trying to access array offset on value of type null in D:\Xampp\htdocs\datagroup\wp-content\themes\thunder\partials\flexible-content\blocks\hero_images_content.php on line 39
[09-Nov-2021 19:17:19 UTC] PHP Warning:  Undefined array key "alt" in D:\Xampp\htdocs\datagroup\wp-content\themes\thunder\partials\flexible-content\blocks\hero_images_content.php on line 39
[10-Nov-2021 00:39:24 UTC] PHP Fatal error:  Out of memory (allocated 23068672) (tried to allocate 28672 bytes) in D:\Xampp\htdocs\datagroup\wp-content\plugins\advanced-custom-fields-pro\includes\acf-utility-functions.php on line 156
[10-Nov-2021 00:39:24 UTC] PHP Notice:  is_embed was called <strong>incorrectly</strong>. Conditional query tags do not work before the query is run. Before then, they always return false. Please see <a href="https://wordpress.org/support/article/debugging-in-wordpress/">Debugging in WordPress</a> for more information. (This message was added in version 3.1.0.) in D:\Xampp\htdocs\datagroup\wp-includes\functions.php on line 5663
[10-Nov-2021 00:39:24 UTC] PHP Notice:  is_search was called <strong>incorrectly</strong>. Conditional query tags do not work before the query is run. Before then, they always return false. Please see <a href="https://wordpress.org/support/article/debugging-in-wordpress/">Debugging in WordPress</a> for more information. (This message was added in version 3.1.0.) in D:\Xampp\htdocs\datagroup\wp-includes\functions.php on line 5663
[10-Nov-2021 02:14:43 UTC] PHP Warning:  Undefined variable $image_ratio in D:\Xampp\htdocs\datagroup\wp-content\themes\thunder\partials\flexible-content\blocks\contact_form.php on line 20
[10-Nov-2021 02:14:43 UTC] PHP Warning:  Undefined array key "url" in D:\Xampp\htdocs\datagroup\wp-content\themes\thunder\partials\flexible-content\blocks\contact_form.php on line 23
[10-Nov-2021 02:14:43 UTC] PHP Warning:  Undefined array key "alt" in D:\Xampp\htdocs\datagroup\wp-content\themes\thunder\partials\flexible-content\blocks\contact_form.php on line 23
[10-Nov-2021 02:14:43 UTC] PHP Warning:  Undefined variable $term_id in D:\Xampp\htdocs\datagroup\wp-content\themes\thunder\partials\flexible-content\blocks\contact_form.php on line 70
[10-Nov-2021 02:14:50 UTC] PHP Warning:  Undefined variable $image_ratio in D:\Xampp\htdocs\datagroup\wp-content\themes\thunder\partials\flexible-content\blocks\contact_form.php on line 20
[10-Nov-2021 02:14:50 UTC] PHP Warning:  Undefined array key "url" in D:\Xampp\htdocs\datagroup\wp-content\themes\thunder\partials\flexible-content\blocks\contact_form.php on line 23
[10-Nov-2021 02:14:50 UTC] PHP Warning:  Undefined array key "alt" in D:\Xampp\htdocs\datagroup\wp-content\themes\thunder\partials\flexible-content\blocks\contact_form.php on line 23
[10-Nov-2021 02:14:50 UTC] PHP Warning:  Undefined variable $term_id in D:\Xampp\htdocs\datagroup\wp-content\themes\thunder\partials\flexible-content\blocks\contact_form.php on line 70
[10-Nov-2021 02:20:29 UTC] PHP Warning:  Attempt to read property "cap" on null in D:\Xampp\htdocs\datagroup\wp-includes\post.php on line 3967
[10-Nov-2021 02:20:29 UTC] PHP Warning:  Attempt to read property "publish_posts" on null in D:\Xampp\htdocs\datagroup\wp-includes\post.php on line 3967
[10-Nov-2021 02:20:29 UTC] PHP Notice:  map_meta_cap was called <strong>incorrectly</strong>. The post type contacts is not registered, so it may not be reliable to check the capability "publish_post" against a post of that type. Please see <a href="https://wordpress.org/support/article/debugging-in-wordpress/">Debugging in WordPress</a> for more information. (This message was added in version 4.4.0.) in D:\Xampp\htdocs\datagroup\wp-includes\functions.php on line 5663
[10-Nov-2021 04:16:37 UTC] PHP Warning:  Array to string conversion in D:\Xampp\htdocs\datagroup\wp-includes\formatting.php on line 1098
[10-Nov-2021 04:16:37 UTC] PHP Warning:  Array to string conversion in D:\Xampp\htdocs\datagroup\wp-includes\formatting.php on line 1098
[10-Nov-2021 04:25:24 UTC] PHP Warning:  Trying to access array offset on value of type bool in D:\Xampp\htdocs\datagroup\wp-content\themes\thunder\partials\flexible-content\blocks\address_content.php on line 86
[10-Nov-2021 04:25:24 UTC] PHP Warning:  Trying to access array offset on value of type bool in D:\Xampp\htdocs\datagroup\wp-content\themes\thunder\partials\flexible-content\blocks\address_content.php on line 98
[10-Nov-2021 04:25:24 UTC] PHP Warning:  Trying to access array offset on value of type bool in D:\Xampp\htdocs\datagroup\wp-content\themes\thunder\partials\flexible-content\blocks\address_content.php on line 108
[10-Nov-2021 04:25:24 UTC] PHP Warning:  Trying to access array offset on value of type bool in D:\Xampp\htdocs\datagroup\wp-content\themes\thunder\partials\flexible-content\blocks\address_content.php on line 119
[10-Nov-2021 04:25:24 UTC] PHP Warning:  Trying to access array offset on value of type bool in D:\Xampp\htdocs\datagroup\wp-content\themes\thunder\partials\flexible-content\blocks\address_content.php on line 86
[10-Nov-2021 04:25:24 UTC] PHP Warning:  Trying to access array offset on value of type bool in D:\Xampp\htdocs\datagroup\wp-content\themes\thunder\partials\flexible-content\blocks\address_content.php on line 98
[10-Nov-2021 04:25:24 UTC] PHP Warning:  Trying to access array offset on value of type bool in D:\Xampp\htdocs\datagroup\wp-content\themes\thunder\partials\flexible-content\blocks\address_content.php on line 108
[10-Nov-2021 04:25:24 UTC] PHP Warning:  Trying to access array offset on value of type bool in D:\Xampp\htdocs\datagroup\wp-content\themes\thunder\partials\flexible-content\blocks\address_content.php on line 119
[10-Nov-2021 04:26:11 UTC] PHP Warning:  Trying to access array offset on value of type bool in D:\Xampp\htdocs\datagroup\wp-content\themes\thunder\partials\flexible-content\blocks\address_content.php on line 86
[10-Nov-2021 04:26:11 UTC] PHP Warning:  Trying to access array offset on value of type bool in D:\Xampp\htdocs\datagroup\wp-content\themes\thunder\partials\flexible-content\blocks\address_content.php on line 98
[10-Nov-2021 04:26:11 UTC] PHP Warning:  Trying to access array offset on value of type bool in D:\Xampp\htdocs\datagroup\wp-content\themes\thunder\partials\flexible-content\blocks\address_content.php on line 108
[10-Nov-2021 04:26:11 UTC] PHP Warning:  Trying to access array offset on value of type bool in D:\Xampp\htdocs\datagroup\wp-content\themes\thunder\partials\flexible-content\blocks\address_content.php on line 119
[10-Nov-2021 04:26:11 UTC] PHP Warning:  Trying to access array offset on value of type bool in D:\Xampp\htdocs\datagroup\wp-content\themes\thunder\partials\flexible-content\blocks\address_content.php on line 86
[10-Nov-2021 04:26:11 UTC] PHP Warning:  Trying to access array offset on value of type bool in D:\Xampp\htdocs\datagroup\wp-content\themes\thunder\partials\flexible-content\blocks\address_content.php on line 98
[10-Nov-2021 04:26:11 UTC] PHP Warning:  Trying to access array offset on value of type bool in D:\Xampp\htdocs\datagroup\wp-content\themes\thunder\partials\flexible-content\blocks\address_content.php on line 108
[10-Nov-2021 04:26:11 UTC] PHP Warning:  Trying to access array offset on value of type bool in D:\Xampp\htdocs\datagroup\wp-content\themes\thunder\partials\flexible-content\blocks\address_content.php on line 119
[10-Nov-2021 05:38:57 UTC] PHP Warning:  require_once(D:\Xampp\htdocs\datagroup\wp-content\themes\thunder/inc/pollylang.php): Failed to open stream: No such file or directory in D:\Xampp\htdocs\datagroup\wp-content\themes\thunder\functions.php on line 24
[10-Nov-2021 05:38:57 UTC] PHP Fatal error:  Uncaught Error: Failed opening required 'D:\Xampp\htdocs\datagroup\wp-content\themes\thunder/inc/pollylang.php' (include_path='D:\Xampp\php\PEAR') in D:\Xampp\htdocs\datagroup\wp-content\themes\thunder\functions.php:24
Stack trace:
#0 D:\Xampp\htdocs\datagroup\wp-settings.php(546): include()
#1 D:\Xampp\htdocs\datagroup\wp-config.php(98): require_once('D:\\Xampp\\htdocs...')
#2 D:\Xampp\htdocs\datagroup\wp-load.php(50): require_once('D:\\Xampp\\htdocs...')
#3 D:\Xampp\htdocs\datagroup\wp-admin\admin-ajax.php(22): require_once('D:\\Xampp\\htdocs...')
#4 {main}
  thrown in D:\Xampp\htdocs\datagroup\wp-content\themes\thunder\functions.php on line 24
[10-Nov-2021 05:38:57 UTC] PHP Warning:  Trying to access array offset on value of type bool in D:\Xampp\htdocs\datagroup\wp-includes\class-wp-recovery-mode-email-service.php on line 351
[10-Nov-2021 05:38:57 UTC] PHP Warning:  Trying to access array offset on value of type bool in D:\Xampp\htdocs\datagroup\wp-includes\class-wp-recovery-mode-email-service.php on line 352
[10-Nov-2021 05:39:13 UTC] PHP Warning:  require_once(D:\Xampp\htdocs\datagroup\wp-content\themes\thunder/inc/polylang.php): Failed to open stream: No such file or directory in D:\Xampp\htdocs\datagroup\wp-content\themes\thunder\functions.php on line 24
[10-Nov-2021 05:39:13 UTC] PHP Fatal error:  Uncaught Error: Failed opening required 'D:\Xampp\htdocs\datagroup\wp-content\themes\thunder/inc/polylang.php' (include_path='D:\Xampp\php\PEAR') in D:\Xampp\htdocs\datagroup\wp-content\themes\thunder\functions.php:24
Stack trace:
#0 D:\Xampp\htdocs\datagroup\wp-settings.php(546): include()
#1 D:\Xampp\htdocs\datagroup\wp-config.php(98): require_once('D:\\Xampp\\htdocs...')
#2 D:\Xampp\htdocs\datagroup\wp-load.php(50): require_once('D:\\Xampp\\htdocs...')
#3 D:\Xampp\htdocs\datagroup\wp-admin\admin-ajax.php(22): require_once('D:\\Xampp\\htdocs...')
#4 {main}
  thrown in D:\Xampp\htdocs\datagroup\wp-content\themes\thunder\functions.php on line 24
[10-Nov-2021 05:41:14 UTC] PHP Fatal error:  Cannot redeclare wpt_rewrite_url() (previously declared in D:\Xampp\htdocs\datagroup\wp-content\themes\thunder\inc\rewrite.php:12) in D:\Xampp\htdocs\datagroup\wp-content\themes\thunder\inc\polylang.php on line 11
[10-Nov-2021 05:41:26 UTC] PHP Fatal error:  Cannot redeclare wpt_rewrite_url() (previously declared in D:\Xampp\htdocs\datagroup\wp-content\themes\thunder\inc\rewrite.php:12) in D:\Xampp\htdocs\datagroup\wp-content\themes\thunder\inc\polylang.php on line 11
[10-Nov-2021 05:41:59 UTC] PHP Fatal error:  Cannot redeclare wpt_rewrite_url() (previously declared in D:\Xampp\htdocs\datagroup\wp-content\themes\thunder\inc\rewrite.php:12) in D:\Xampp\htdocs\datagroup\wp-content\themes\thunder\inc\polylang.php on line 11
[10-Nov-2021 05:42:27 UTC] PHP Fatal error:  Cannot redeclare wpt_rewrite_url() (previously declared in D:\Xampp\htdocs\datagroup\wp-content\themes\thunder\inc\rewrite.php:12) in D:\Xampp\htdocs\datagroup\wp-content\themes\thunder\inc\polylang.php on line 11
[10-Nov-2021 06:20:57 UTC] PHP Warning:  Undefined variable $term_slug in D:\Xampp\htdocs\datagroup\wp-content\themes\thunder\partials\flexible-content\blocks\contact_form.php on line 40
[10-Nov-2021 06:20:57 UTC] PHP Warning:  Undefined variable $term_id in D:\Xampp\htdocs\datagroup\wp-content\themes\thunder\partials\flexible-content\blocks\contact_form.php on line 118
[10-Nov-2021 06:58:34 UTC] PHP Warning:  Attempt to read property "name" on bool in D:\Xampp\htdocs\datagroup\wp-content\themes\thunder\partials\flexible-content\blocks\slider_posts.php on line 4
[10-Nov-2021 06:58:34 UTC] PHP Warning:  Undefined variable $column_display in D:\Xampp\htdocs\datagroup\wp-content\themes\thunder\partials\flexible-content\blocks\slider_posts.php on line 104
[10-Nov-2021 06:59:06 UTC] PHP Warning:  Attempt to read property "name" on bool in D:\Xampp\htdocs\datagroup\wp-content\themes\thunder\partials\flexible-content\blocks\slider_posts.php on line 4
[10-Nov-2021 06:59:06 UTC] PHP Warning:  Undefined variable $column_display in D:\Xampp\htdocs\datagroup\wp-content\themes\thunder\partials\flexible-content\blocks\slider_posts.php on line 104
[10-Nov-2021 07:00:03 UTC] PHP Warning:  Attempt to read property "name" on bool in D:\Xampp\htdocs\datagroup\wp-content\themes\thunder\partials\flexible-content\blocks\slider_posts.php on line 4
[10-Nov-2021 07:00:03 UTC] PHP Warning:  Undefined variable $column_display in D:\Xampp\htdocs\datagroup\wp-content\themes\thunder\partials\flexible-content\blocks\slider_posts.php on line 106
[10-Nov-2021 07:11:43 UTC] PHP Warning:  Attempt to read property "name" on bool in D:\Xampp\htdocs\datagroup\wp-content\themes\thunder\partials\flexible-content\blocks\slider_posts.php on line 4
[10-Nov-2021 07:11:45 UTC] PHP Warning:  Attempt to read property "name" on bool in D:\Xampp\htdocs\datagroup\wp-content\themes\thunder\partials\flexible-content\blocks\slider_posts.php on line 4
[10-Nov-2021 07:12:44 UTC] PHP Warning:  Attempt to read property "name" on bool in D:\Xampp\htdocs\datagroup\wp-content\themes\thunder\partials\flexible-content\blocks\slider_posts.php on line 4
[10-Nov-2021 07:28:12 UTC] PHP Warning:  Undefined variable $post_type in D:\Xampp\htdocs\datagroup\wp-content\themes\thunder\partials\flexible-content\blocks\slider_posts.php on line 5
[10-Nov-2021 07:28:12 UTC] PHP Warning:  Undefined variable $post_type in D:\Xampp\htdocs\datagroup\wp-content\themes\thunder\partials\flexible-content\blocks\slider_posts.php on line 20
[10-Nov-2021 07:28:12 UTC] PHP Warning:  Undefined variable $post_attribute in D:\Xampp\htdocs\datagroup\wp-content\themes\thunder\partials\flexible-content\blocks\slider_posts.php on line 28
[10-Nov-2021 09:50:28 UTC] PHP Warning:  Undefined variable $host_hotline in D:\Xampp\htdocs\datagroup\wp-content\themes\thunder\partials\content-cta.php on line 5
[10-Nov-2021 09:50:28 UTC] PHP Warning:  Undefined variable $host_hotline in D:\Xampp\htdocs\datagroup\wp-content\themes\thunder\partials\content-cta.php on line 8
[10-Nov-2021 09:50:28 UTC] PHP Warning:  Undefined variable $host_hotline in D:\Xampp\htdocs\datagroup\wp-content\themes\thunder\partials\content-cta.php on line 11
[10-Nov-2021 09:50:28 UTC] PHP Warning:  Undefined variable $host_hotline in D:\Xampp\htdocs\datagroup\wp-content\themes\thunder\partials\content-cta.php on line 14
[10-Nov-2021 09:50:28 UTC] PHP Warning:  Undefined variable $host_hotline in D:\Xampp\htdocs\datagroup\wp-content\themes\thunder\partials\content-cta.php on line 17
[10-Nov-2021 09:51:08 UTC] PHP Warning:  Undefined array key "mail" in D:\Xampp\htdocs\datagroup\wp-content\themes\thunder\partials\content-cta.php on line 9
[10-Nov-2021 10:10:20 UTC] PHP Warning:  Undefined array key "social" in D:\Xampp\htdocs\datagroup\wp-content\themes\thunder\partials\content-cta.php on line 55
[10-Nov-2021 10:10:20 UTC] PHP Warning:  foreach() argument must be of type array|object, null given in D:\Xampp\htdocs\datagroup\wp-content\themes\thunder\partials\content-cta.php on line 55
[10-Nov-2021 10:10:57 UTC] PHP Parse error:  syntax error, unexpected token "}" in D:\Xampp\htdocs\datagroup\wp-content\themes\thunder\partials\content-cta.php on line 20
[10-Nov-2021 10:11:09 UTC] PHP Warning:  Undefined array key "social" in D:\Xampp\htdocs\datagroup\wp-content\themes\thunder\partials\content-cta.php on line 56
[10-Nov-2021 10:11:09 UTC] PHP Warning:  foreach() argument must be of type array|object, null given in D:\Xampp\htdocs\datagroup\wp-content\themes\thunder\partials\content-cta.php on line 56
[10-Nov-2021 10:17:12 UTC] PHP Warning:  foreach() argument must be of type array|object, bool given in D:\Xampp\htdocs\datagroup\wp-content\themes\thunder\partials\content-cta.php on line 73
[10-Nov-2021 10:17:15 UTC] PHP Warning:  foreach() argument must be of type array|object, bool given in D:\Xampp\htdocs\datagroup\wp-content\themes\thunder\partials\content-cta.php on line 73
[10-Nov-2021 10:17:24 UTC] PHP Warning:  foreach() argument must be of type array|object, bool given in D:\Xampp\htdocs\datagroup\wp-content\themes\thunder\partials\content-cta.php on line 73
[10-Nov-2021 10:29:13 UTC] PHP Warning:  Undefined array key "url" in D:\Xampp\htdocs\datagroup\wp-content\themes\thunder\footer.php on line 33
[10-Nov-2021 10:29:13 UTC] PHP Warning:  Undefined array key "alt" in D:\Xampp\htdocs\datagroup\wp-content\themes\thunder\footer.php on line 33
[10-Nov-2021 10:30:51 UTC] PHP Warning:  Undefined array key "url" in D:\Xampp\htdocs\datagroup\wp-content\themes\thunder\footer.php on line 33
[10-Nov-2021 10:30:51 UTC] PHP Warning:  Undefined array key "alt" in D:\Xampp\htdocs\datagroup\wp-content\themes\thunder\footer.php on line 33
[10-Nov-2021 10:34:50 UTC] PHP Warning:  Undefined array key "url" in D:\Xampp\htdocs\datagroup\wp-content\themes\thunder\footer.php on line 33
[10-Nov-2021 10:34:50 UTC] PHP Warning:  Undefined array key "alt" in D:\Xampp\htdocs\datagroup\wp-content\themes\thunder\footer.php on line 33
[10-Nov-2021 10:34:54 UTC] PHP Warning:  Undefined array key "url" in D:\Xampp\htdocs\datagroup\wp-content\themes\thunder\footer.php on line 33
[10-Nov-2021 10:34:54 UTC] PHP Warning:  Undefined array key "alt" in D:\Xampp\htdocs\datagroup\wp-content\themes\thunder\footer.php on line 33
[10-Nov-2021 10:35:19 UTC] PHP Warning:  Undefined array key "url" in D:\Xampp\htdocs\datagroup\wp-content\themes\thunder\footer.php on line 33
[10-Nov-2021 10:35:19 UTC] PHP Warning:  Undefined array key "alt" in D:\Xampp\htdocs\datagroup\wp-content\themes\thunder\footer.php on line 33
[10-Nov-2021 10:37:10 UTC] PHP Warning:  Undefined array key "url" in D:\Xampp\htdocs\datagroup\wp-content\themes\thunder\footer.php on line 33
[10-Nov-2021 10:37:10 UTC] PHP Warning:  Undefined array key "alt" in D:\Xampp\htdocs\datagroup\wp-content\themes\thunder\footer.php on line 33
[10-Nov-2021 11:39:20 UTC] PHP Warning:  Undefined variable $post_thumbnail in D:\Xampp\htdocs\datagroup\wp-content\themes\thunder\partials\content-post-item.php on line 2
[10-Nov-2021 11:39:20 UTC] PHP Warning:  Undefined variable $post_thumbnail in D:\Xampp\htdocs\datagroup\wp-content\themes\thunder\partials\content-post-item.php on line 2
[10-Nov-2021 12:50:26 UTC] PHP Fatal error:  Uncaught TypeError: in_array(): Argument #2 ($haystack) must be of type array, null given in D:\Xampp\htdocs\datagroup\wp-content\themes\thunder\partials\content-cta.php:6
Stack trace:
#0 D:\Xampp\htdocs\datagroup\wp-content\themes\thunder\partials\content-cta.php(6): in_array('phone', NULL)
#1 D:\Xampp\htdocs\datagroup\wp-includes\template.php(772): require('D:\\Xampp\\htdocs...')
#2 D:\Xampp\htdocs\datagroup\wp-includes\template.php(716): load_template('D:\\Xampp\\htdocs...', false, Array)
#3 D:\Xampp\htdocs\datagroup\wp-includes\general-template.php(204): locate_template(Array, true, false, Array)
#4 D:\Xampp\htdocs\datagroup\wp-content\themes\thunder\footer.php(132): get_template_part('partials/conten...', 'cta')
#5 D:\Xampp\htdocs\datagroup\wp-includes\template.php(770): require_once('D:\\Xampp\\htdocs...')
#6 D:\Xampp\htdocs\datagroup\wp-includes\template.php(716): load_template('D:\\Xampp\\htdocs...', true, Array)
#7 D:\Xampp\htdocs\datagroup\wp-includes\general-template.php(92): locate_template(Array, true, true, Array)
#8 D:\Xampp\htdocs\datagroup\wp-content\themes\thunder\index.php(6): get_footer()
#9 D:\Xampp\htdocs\datagroup\wp-includes\template-loader.php(106): include('D:\\Xampp\\htdocs...')
#10 D:\Xampp\htdocs\datagroup\wp-blog-header.php(19): require_once('D:\\Xampp\\htdocs...')
#11 D:\Xampp\htdocs\datagroup\index.php(17): require('D:\\Xampp\\htdocs...')
#12 {main}
  thrown in D:\Xampp\htdocs\datagroup\wp-content\themes\thunder\partials\content-cta.php on line 6
[10-Nov-2021 12:50:32 UTC] PHP Fatal error:  Uncaught TypeError: in_array(): Argument #2 ($haystack) must be of type array, null given in D:\Xampp\htdocs\datagroup\wp-content\themes\thunder\partials\content-cta.php:6
Stack trace:
#0 D:\Xampp\htdocs\datagroup\wp-content\themes\thunder\partials\content-cta.php(6): in_array('phone', NULL)
#1 D:\Xampp\htdocs\datagroup\wp-includes\template.php(772): require('D:\\Xampp\\htdocs...')
#2 D:\Xampp\htdocs\datagroup\wp-includes\template.php(716): load_template('D:\\Xampp\\htdocs...', false, Array)
#3 D:\Xampp\htdocs\datagroup\wp-includes\general-template.php(204): locate_template(Array, true, false, Array)
#4 D:\Xampp\htdocs\datagroup\wp-content\themes\thunder\footer.php(132): get_template_part('partials/conten...', 'cta')
#5 D:\Xampp\htdocs\datagroup\wp-includes\template.php(770): require_once('D:\\Xampp\\htdocs...')
#6 D:\Xampp\htdocs\datagroup\wp-includes\template.php(716): load_template('D:\\Xampp\\htdocs...', true, Array)
#7 D:\Xampp\htdocs\datagroup\wp-includes\general-template.php(92): locate_template(Array, true, true, Array)
#8 D:\Xampp\htdocs\datagroup\wp-content\themes\thunder\index.php(6): get_footer()
#9 D:\Xampp\htdocs\datagroup\wp-includes\template-loader.php(106): include('D:\\Xampp\\htdocs...')
#10 D:\Xampp\htdocs\datagroup\wp-blog-header.php(19): require_once('D:\\Xampp\\htdocs...')
#11 D:\Xampp\htdocs\datagroup\index.php(17): require('D:\\Xampp\\htdocs...')
#12 {main}
  thrown in D:\Xampp\htdocs\datagroup\wp-content\themes\thunder\partials\content-cta.php on line 6
[10-Nov-2021 12:54:06 UTC] PHP Fatal error:  Uncaught TypeError: in_array(): Argument #2 ($haystack) must be of type array, null given in D:\Xampp\htdocs\datagroup\wp-content\themes\thunder\partials\content-cta.php:6
Stack trace:
#0 D:\Xampp\htdocs\datagroup\wp-content\themes\thunder\partials\content-cta.php(6): in_array('phone', NULL)
#1 D:\Xampp\htdocs\datagroup\wp-includes\template.php(772): require('D:\\Xampp\\htdocs...')
#2 D:\Xampp\htdocs\datagroup\wp-includes\template.php(716): load_template('D:\\Xampp\\htdocs...', false, Array)
#3 D:\Xampp\htdocs\datagroup\wp-includes\general-template.php(204): locate_template(Array, true, false, Array)
#4 D:\Xampp\htdocs\datagroup\wp-content\themes\thunder\footer.php(132): get_template_part('partials/conten...', 'cta')
#5 D:\Xampp\htdocs\datagroup\wp-includes\template.php(770): require_once('D:\\Xampp\\htdocs...')
#6 D:\Xampp\htdocs\datagroup\wp-includes\template.php(716): load_template('D:\\Xampp\\htdocs...', true, Array)
#7 D:\Xampp\htdocs\datagroup\wp-includes\general-template.php(92): locate_template(Array, true, true, Array)
#8 D:\Xampp\htdocs\datagroup\wp-content\themes\thunder\index.php(6): get_footer()
#9 D:\Xampp\htdocs\datagroup\wp-includes\template-loader.php(106): include('D:\\Xampp\\htdocs...')
#10 D:\Xampp\htdocs\datagroup\wp-blog-header.php(19): require_once('D:\\Xampp\\htdocs...')
#11 D:\Xampp\htdocs\datagroup\index.php(17): require('D:\\Xampp\\htdocs...')
#12 {main}
  thrown in D:\Xampp\htdocs\datagroup\wp-content\themes\thunder\partials\content-cta.php on line 6
[10-Nov-2021 12:54:08 UTC] PHP Fatal error:  Uncaught TypeError: in_array(): Argument #2 ($haystack) must be of type array, null given in D:\Xampp\htdocs\datagroup\wp-content\themes\thunder\partials\content-cta.php:6
Stack trace:
#0 D:\Xampp\htdocs\datagroup\wp-content\themes\thunder\partials\content-cta.php(6): in_array('phone', NULL)
#1 D:\Xampp\htdocs\datagroup\wp-includes\template.php(772): require('D:\\Xampp\\htdocs...')
#2 D:\Xampp\htdocs\datagroup\wp-includes\template.php(716): load_template('D:\\Xampp\\htdocs...', false, Array)
#3 D:\Xampp\htdocs\datagroup\wp-includes\general-template.php(204): locate_template(Array, true, false, Array)
#4 D:\Xampp\htdocs\datagroup\wp-content\themes\thunder\footer.php(132): get_template_part('partials/conten...', 'cta')
#5 D:\Xampp\htdocs\datagroup\wp-includes\template.php(770): require_once('D:\\Xampp\\htdocs...')
#6 D:\Xampp\htdocs\datagroup\wp-includes\template.php(716): load_template('D:\\Xampp\\htdocs...', true, Array)
#7 D:\Xampp\htdocs\datagroup\wp-includes\general-template.php(92): locate_template(Array, true, true, Array)
#8 D:\Xampp\htdocs\datagroup\wp-content\themes\thunder\index.php(6): get_footer()
#9 D:\Xampp\htdocs\datagroup\wp-includes\template-loader.php(106): include('D:\\Xampp\\htdocs...')
#10 D:\Xampp\htdocs\datagroup\wp-blog-header.php(19): require_once('D:\\Xampp\\htdocs...')
#11 D:\Xampp\htdocs\datagroup\index.php(17): require('D:\\Xampp\\htdocs...')
#12 {main}
  thrown in D:\Xampp\htdocs\datagroup\wp-content\themes\thunder\partials\content-cta.php on line 6
[10-Nov-2021 12:55:39 UTC] PHP Fatal error:  Uncaught TypeError: in_array(): Argument #2 ($haystack) must be of type array, null given in D:\Xampp\htdocs\datagroup\wp-content\themes\thunder\partials\content-cta.php:6
Stack trace:
#0 D:\Xampp\htdocs\datagroup\wp-content\themes\thunder\partials\content-cta.php(6): in_array('phone', NULL)
#1 D:\Xampp\htdocs\datagroup\wp-includes\template.php(772): require('D:\\Xampp\\htdocs...')
#2 D:\Xampp\htdocs\datagroup\wp-includes\template.php(716): load_template('D:\\Xampp\\htdocs...', false, Array)
#3 D:\Xampp\htdocs\datagroup\wp-includes\general-template.php(204): locate_template(Array, true, false, Array)
#4 D:\Xampp\htdocs\datagroup\wp-content\themes\thunder\footer.php(132): get_template_part('partials/conten...', 'cta')
#5 D:\Xampp\htdocs\datagroup\wp-includes\template.php(770): require_once('D:\\Xampp\\htdocs...')
#6 D:\Xampp\htdocs\datagroup\wp-includes\template.php(716): load_template('D:\\Xampp\\htdocs...', true, Array)
#7 D:\Xampp\htdocs\datagroup\wp-includes\general-template.php(92): locate_template(Array, true, true, Array)
#8 D:\Xampp\htdocs\datagroup\wp-content\themes\thunder\index.php(6): get_footer()
#9 D:\Xampp\htdocs\datagroup\wp-includes\template-loader.php(106): include('D:\\Xampp\\htdocs...')
#10 D:\Xampp\htdocs\datagroup\wp-blog-header.php(19): require_once('D:\\Xampp\\htdocs...')
#11 D:\Xampp\htdocs\datagroup\index.php(17): require('D:\\Xampp\\htdocs...')
#12 {main}
  thrown in D:\Xampp\htdocs\datagroup\wp-content\themes\thunder\partials\content-cta.php on line 6
[10-Nov-2021 13:38:35 UTC] PHP Warning:  An unexpected error occurred. Something may be wrong with WordPress.org or this server&#8217;s configuration. If you continue to have problems, please try the <a href="https://wordpress.org/support/forums/">support forums</a>. (WordPress could not establish a secure connection to WordPress.org. Please contact your server administrator.) in D:\Xampp\htdocs\datagroup\wp-admin\includes\translation-install.php on line 68
[10-Nov-2021 16:40:53 UTC] PHP Warning:  Array to string conversion in D:\Xampp\htdocs\datagroup\wp-content\themes\thunder\partials\flexible-content\blocks\grid_posts.php on line 75
[10-Nov-2021 16:40:53 UTC] PHP Warning:  Array to string conversion in D:\Xampp\htdocs\datagroup\wp-content\themes\thunder\partials\flexible-content\blocks\grid_posts.php on line 121
[10-Nov-2021 16:41:28 UTC] PHP Warning:  Array to string conversion in D:\Xampp\htdocs\datagroup\wp-content\themes\thunder\partials\flexible-content\blocks\grid_posts.php on line 75
[10-Nov-2021 16:41:28 UTC] PHP Warning:  Array to string conversion in D:\Xampp\htdocs\datagroup\wp-content\themes\thunder\partials\flexible-content\blocks\grid_posts.php on line 121
[10-Nov-2021 21:22:09 UTC] PHP Deprecated:  wp_specialchars is <strong>deprecated</strong> since version 2.8.0! Use esc_html() instead. in D:\Xampp\htdocs\datagroup\wp-includes\functions.php on line 5211
